<?xml version="1.0" encoding="UTF-8"?>
<testng-results ignored="0" total="5" passed="5" failed="0" skipped="0">
  <reporter-output>
  </reporter-output>
  <suite started-at="2024-09-18T22:45:48 IST" name="Suite" finished-at="2024-09-18T22:46:30 IST" duration-ms="42010">
    <groups>
      <group name="ErrorHandling">
        <method signature="ErrorValidationsTest.loginErrorValidation()[pri:0, instance:rahulshettyacademy.tests.ErrorValidationsTest@1f97cf0d]" name="loginErrorValidation" class="rahulshettyacademy.tests.ErrorValidationsTest"/>
      </group> <!-- ErrorHandling -->
      <group name="Purchase">
        <method signature="SubmitOrderTest.submitOrder(java.util.HashMap)[pri:0, instance:rahulshettyacademy.tests.SubmitOrderTest@6236eb5f]" name="submitOrder" class="rahulshettyacademy.tests.SubmitOrderTest"/>
      </group> <!-- Purchase -->
    </groups>
    <test started-at="2024-09-18T22:45:48 IST" name="Error Validation Test" finished-at="2024-09-18T22:46:10 IST" duration-ms="22026">
      <class name="rahulshettyacademy.tests.ErrorValidationsTest">
        <test-method is-config="true" signature="launchApplication()[pri:0, instance:rahulshettyacademy.tests.ErrorValidationsTest@1f97cf0d]" started-at="2024-09-18T22:45:48 IST" name="launchApplication" finished-at="2024-09-18T22:45:52 IST" duration-ms="3775" status="PASS">
          <reporter-output>
          </reporter-output>
        </test-method> <!-- launchApplication -->
        <test-method signature="loginErrorValidation()[pri:0, instance:rahulshettyacademy.tests.ErrorValidationsTest@1f97cf0d]" started-at="2024-09-18T22:45:52 IST" name="loginErrorValidation" finished-at="2024-09-18T22:45:52 IST" duration-ms="398" status="PASS">
          <reporter-output>
          </reporter-output>
        </test-method> <!-- loginErrorValidation -->
        <test-method is-config="true" signature="tearDwon()[pri:0, instance:rahulshettyacademy.tests.ErrorValidationsTest@1f97cf0d]" started-at="2024-09-18T22:45:52 IST" name="tearDwon" finished-at="2024-09-18T22:45:52 IST" duration-ms="50" status="PASS">
          <reporter-output>
          </reporter-output>
        </test-method> <!-- tearDwon -->
        <test-method is-config="true" signature="launchApplication()[pri:0, instance:rahulshettyacademy.tests.ErrorValidationsTest@1f97cf0d]" started-at="2024-09-18T22:45:52 IST" name="launchApplication" finished-at="2024-09-18T22:45:56 IST" duration-ms="4111" status="PASS">
          <reporter-output>
          </reporter-output>
        </test-method> <!-- launchApplication -->
        <test-method signature="productErrorValidation()[pri:0, instance:rahulshettyacademy.tests.ErrorValidationsTest@1f97cf0d]" started-at="2024-09-18T22:45:56 IST" name="productErrorValidation" finished-at="2024-09-18T22:46:10 IST" duration-ms="13593" status="PASS">
          <reporter-output>
          </reporter-output>
        </test-method> <!-- productErrorValidation -->
        <test-method is-config="true" signature="tearDwon()[pri:0, instance:rahulshettyacademy.tests.ErrorValidationsTest@1f97cf0d]" started-at="2024-09-18T22:46:10 IST" name="tearDwon" finished-at="2024-09-18T22:46:10 IST" duration-ms="78" status="PASS">
          <reporter-output>
          </reporter-output>
        </test-method> <!-- tearDwon -->
      </class> <!-- rahulshettyacademy.tests.ErrorValidationsTest -->
    </test> <!-- Error Validation Test -->
    <test started-at="2024-09-18T22:45:48 IST" name="Submit Order Test" finished-at="2024-09-18T22:46:30 IST" duration-ms="42010">
      <class name="rahulshettyacademy.tests.SubmitOrderTest">
        <test-method is-config="true" signature="launchApplication()[pri:0, instance:rahulshettyacademy.tests.SubmitOrderTest@6236eb5f]" started-at="2024-09-18T22:45:48 IST" name="launchApplication" finished-at="2024-09-18T22:45:52 IST" duration-ms="4176" status="PASS">
          <reporter-output>
          </reporter-output>
        </test-method> <!-- launchApplication -->
        <test-method signature="submitOrder(java.util.HashMap)[pri:0, instance:rahulshettyacademy.tests.SubmitOrderTest@6236eb5f]" started-at="2024-09-18T22:45:52 IST" name="submitOrder" data-provider="getData" finished-at="2024-09-18T22:46:06 IST" duration-ms="14375" status="PASS">
          <params>
            <param index="0">
              <value>
                <![CDATA[{password=Tahir@55555, product=ZARA COAT 3, email=sheikh786tahir@gmail.com}]]>
              </value>
            </param>
          </params>
          <reporter-output>
          </reporter-output>
        </test-method> <!-- submitOrder -->
        <test-method is-config="true" signature="tearDwon()[pri:0, instance:rahulshettyacademy.tests.SubmitOrderTest@6236eb5f]" started-at="2024-09-18T22:46:06 IST" name="tearDwon" finished-at="2024-09-18T22:46:07 IST" duration-ms="86" status="PASS">
          <reporter-output>
          </reporter-output>
        </test-method> <!-- tearDwon -->
        <test-method is-config="true" signature="launchApplication()[pri:0, instance:rahulshettyacademy.tests.SubmitOrderTest@6236eb5f]" started-at="2024-09-18T22:46:07 IST" name="launchApplication" finished-at="2024-09-18T22:46:10 IST" duration-ms="3535" status="PASS">
          <reporter-output>
          </reporter-output>
        </test-method> <!-- launchApplication -->
        <test-method signature="submitOrder(java.util.HashMap)[pri:0, instance:rahulshettyacademy.tests.SubmitOrderTest@6236eb5f]" started-at="2024-09-18T22:46:10 IST" name="submitOrder" data-provider="getData" finished-at="2024-09-18T22:46:25 IST" duration-ms="14829" status="PASS">
          <params>
            <param index="0">
              <value>
                <![CDATA[{password=Chuimuinkapuin@5, product=ADIDAS ORIGINAL, email=chuimuinkapuin@gmail.com}]]>
              </value>
            </param>
          </params>
          <reporter-output>
          </reporter-output>
        </test-method> <!-- submitOrder -->
        <test-method is-config="true" signature="tearDwon()[pri:0, instance:rahulshettyacademy.tests.SubmitOrderTest@6236eb5f]" started-at="2024-09-18T22:46:25 IST" name="tearDwon" finished-at="2024-09-18T22:46:25 IST" duration-ms="83" status="PASS">
          <reporter-output>
          </reporter-output>
        </test-method> <!-- tearDwon -->
        <test-method is-config="true" signature="launchApplication()[pri:0, instance:rahulshettyacademy.tests.SubmitOrderTest@6236eb5f]" started-at="2024-09-18T22:46:25 IST" name="launchApplication" finished-at="2024-09-18T22:46:29 IST" duration-ms="4218" status="PASS">
          <reporter-output>
          </reporter-output>
        </test-method> <!-- launchApplication -->
        <test-method signature="orderHistoryTest()[pri:0, instance:rahulshettyacademy.tests.SubmitOrderTest@6236eb5f]" started-at="2024-09-18T22:46:29 IST" name="orderHistoryTest" finished-at="2024-09-18T22:46:30 IST" depends-on-methods="rahulshettyacademy.tests.SubmitOrderTest.submitOrder" duration-ms="463" status="PASS">
          <reporter-output>
          </reporter-output>
        </test-method> <!-- orderHistoryTest -->
        <test-method is-config="true" signature="tearDwon()[pri:0, instance:rahulshettyacademy.tests.SubmitOrderTest@6236eb5f]" started-at="2024-09-18T22:46:30 IST" name="tearDwon" finished-at="2024-09-18T22:46:30 IST" duration-ms="84" status="PASS">
          <reporter-output>
          </reporter-output>
        </test-method> <!-- tearDwon -->
      </class> <!-- rahulshettyacademy.tests.SubmitOrderTest -->
    </test> <!-- Submit Order Test -->
  </suite> <!-- Suite -->
</testng-results>
